Using pre-set license
Built from '2022.3/staging' branch; Version is '2022.3.8f1 (b5eafc012955) revision 11922172'; Using compiler version '192829333'; Build Type 'Release'
OS: 'Windows 10  (10.0.19045) 64bit Core' Language: 'en' Physical Memory: 16124 MB
BatchMode: 1, IsHumanControllingUs: 0, StartBugReporterOnCrash: 0, Is64bit: 1, IsPro: 1

COMMAND LINE ARGUMENTS:
C:\Program Files\Unity\Hub\Editor\2022.3.8f1\Editor\Unity.exe
-adb2
-batchMode
-noUpm
-name
AssetImportWorker1
-projectPath
C:/Users/Greg/OneDrive - Indiana University/Documents/GitHub/Final_Draft/Final_Draft
-logFile
Logs/AssetImportWorker1.log
-srvPort
59245
Successfully changed project path to: C:/Users/Greg/OneDrive - Indiana University/Documents/GitHub/Final_Draft/Final_Draft
C:/Users/Greg/OneDrive - Indiana University/Documents/GitHub/Final_Draft/Final_Draft
[UnityMemory] Configuration Parameters - Can be set up in boot.config
    "memorysetup-bucket-allocator-granularity=16"
    "memorysetup-bucket-allocator-bucket-count=8"
    "memorysetup-bucket-allocator-block-size=33554432"
    "memorysetup-bucket-allocator-block-count=8"
    "memorysetup-main-allocator-block-size=16777216"
    "memorysetup-thread-allocator-block-size=16777216"
    "memorysetup-gfx-main-allocator-block-size=16777216"
    "memorysetup-gfx-thread-allocator-block-size=16777216"
    "memorysetup-cache-allocator-block-size=4194304"
    "memorysetup-typetree-allocator-block-size=2097152"
    "memorysetup-profiler-bucket-allocator-granularity=16"
    "memorysetup-profiler-bucket-allocator-bucket-count=8"
    "memorysetup-profiler-bucket-allocator-block-size=33554432"
    "memorysetup-profiler-bucket-allocator-block-count=8"
    "memorysetup-profiler-allocator-block-size=16777216"
    "memorysetup-profiler-editor-allocator-block-size=1048576"
    "memorysetup-temp-allocator-size-main=16777216"
    "memorysetup-job-temp-allocator-block-size=2097152"
    "memorysetup-job-temp-allocator-block-size-background=1048576"
    "memorysetup-job-temp-allocator-reduction-small-platforms=262144"
    "memorysetup-allocator-temp-initial-block-size-main=262144"
    "memorysetup-allocator-temp-initial-block-size-worker=262144"
    "memorysetup-temp-allocator-size-background-worker=32768"
    "memorysetup-temp-allocator-size-job-worker=262144"
    "memorysetup-temp-allocator-size-preload-manager=33554432"
    "memorysetup-temp-allocator-size-nav-mesh-worker=65536"
    "memorysetup-temp-allocator-size-audio-worker=65536"
    "memorysetup-temp-allocator-size-cloud-worker=32768"
    "memorysetup-temp-allocator-size-gi-baking-worker=262144"
    "memorysetup-temp-allocator-size-gfx=262144"
Player connection [35496] Host "[IP] 192.168.1.230 [Port] 0 [Flags] 2 [Guid] 3557778788 [EditorId] 3557778788 [Version] 1048832 [Id] WindowsEditor(7,LAPTOP-PVSJ6JSS) [Debug] 1 [PackageName] WindowsEditor [ProjectName] Editor" joined multi-casting on [225.0.0.222:54997]...

Player connection [35496] Host "[IP] 192.168.1.230 [Port] 0 [Flags] 2 [Guid] 3557778788 [EditorId] 3557778788 [Version] 1048832 [Id] WindowsEditor(7,LAPTOP-PVSJ6JSS) [Debug] 1 [PackageName] WindowsEditor [ProjectName] Editor" joined alternative multi-casting on [225.0.0.222:34997]...

[Physics::Module] Initialized MultithreadedJobDispatcher with 7 workers.
Refreshing native plugins compatible for Editor in 18.69 ms, found 3 plugins.
Preloading 0 native plugins for Editor in 0.00 ms.
Initialize engine version: 2022.3.8f1 (b5eafc012955)
[Subsystems] Discovering subsystems at path C:/Program Files/Unity/Hub/Editor/2022.3.8f1/Editor/Data/Resources/UnitySubsystems
[Subsystems] Discovering subsystems at path C:/Users/Greg/OneDrive - Indiana University/Documents/GitHub/Final_Draft/Final_Draft/Assets
GfxDevice: creating device client; threaded=0; jobified=0
Direct3D:
    Version:  Direct3D 11.0 [level 11.1]
    Renderer: Intel(R) Iris(R) Plus Graphics (ID=0x8a52)
    Vendor:   Intel
    VRAM:     8062 MB
    Driver:   30.0.100.9805
Initialize mono
Mono path[0] = 'C:/Program Files/Unity/Hub/Editor/2022.3.8f1/Editor/Data/Managed'
Mono path[1] = 'C:/Program Files/Unity/Hub/Editor/2022.3.8f1/Editor/Data/MonoBleedingEdge/lib/mono/unityjit-win32'
Mono config path = 'C:/Program Files/Unity/Hub/Editor/2022.3.8f1/Editor/Data/MonoBleedingEdge/etc'
Using monoOptions --debugger-agent=transport=dt_socket,embedding=1,server=y,suspend=n,address=127.0.0.1:56492
Begin MonoManager ReloadAssembly
Registering precompiled unity dll's ...
Register platform support module: C:/Program Files/Unity/Hub/Editor/2022.3.8f1/Editor/Data/PlaybackEngines/WebGLSupport/UnityEditor.WebGL.Extensions.dll
Register platform support module: C:/Program Files/Unity/Hub/Editor/2022.3.8f1/Editor/Data/PlaybackEngines/WindowsStandaloneSupport/UnityEditor.WindowsStandalone.Extensions.dll
Registered in 0.021027 seconds.
- Loaded All Assemblies, in  0.775 seconds
Native extension for WindowsStandalone target not found
Native extension for WebGL target not found
Mono: successfully reloaded assembly
- Finished resetting the current domain, in  0.609 seconds
Domain Reload Profiling: 1378ms
	BeginReloadAssembly (209ms)
		ExecutionOrderSort (0ms)
		DisableScriptedObjects (0ms)
		BackupInstance (0ms)
		ReleaseScriptingObjects (0ms)
		CreateAndSetChildDomain (2ms)
	RebuildCommonClasses (74ms)
	RebuildNativeTypeToScriptingClass (27ms)
	initialDomainReloadingComplete (127ms)
	LoadAllAssembliesAndSetupDomain (331ms)
		LoadAssemblies (204ms)
		RebuildTransferFunctionScriptingTraits (0ms)
		AnalyzeDomain (326ms)
			TypeCache.Refresh (324ms)
				TypeCache.ScanAssembly (299ms)
			ScanForSourceGeneratedMonoScriptInfo (1ms)
			ResolveRequiredComponents (1ms)
	FinalizeReload (610ms)
		ReleaseScriptCaches (0ms)
		RebuildScriptCaches (0ms)
		SetupLoadedEditorAssemblies (459ms)
			LogAssemblyErrors (0ms)
			InitializePlatformSupportModulesInManaged (25ms)
			SetLoadedEditorAssemblies (11ms)
			RefreshPlugins (0ms)
			BeforeProcessingInitializeOnLoad (4ms)
			ProcessInitializeOnLoadAttributes (294ms)
			ProcessInitializeOnLoadMethodAttributes (124ms)
			AfterProcessingInitializeOnLoad (0ms)
			EditorAssembliesLoaded (0ms)
		ExecutionOrderSort2 (0ms)
		AwakeInstancesAfterBackupRestoration (0ms)
========================================================================
Worker process is ready to serve import requests
Begin MonoManager ReloadAssembly
- Loaded All Assemblies, in  1.795 seconds
Refreshing native plugins compatible for Editor in 16.31 ms, found 3 plugins.
Native extension for WindowsStandalone target not found
Native extension for WebGL target not found
System.Exception: Error! Visual Scripting: couldn't find visual scripting package
  at Unity.VisualScripting.PackageVersionUtility.get_version () [0x00043] in .\Library\PackageCache\com.unity.visualscripting@1.9.0\Editor\VisualScripting.Core\Utilities\PackageVersionUtility.cs:31 
  at Unity.VisualScripting.BoltCoreManifest.get_version () [0x00000] in .\Library\PackageCache\com.unity.visualscripting@1.9.0\Editor\VisualScripting.Core\Plugin\BoltCoreManifest.cs:11 
  at Unity.VisualScripting.PluginManifest.get_currentVersion () [0x00000] in .\Library\PackageCache\com.unity.visualscripting@1.9.0\Editor\VisualScripting.Core\Plugins\PluginManifest.cs:33 
  at Unity.VisualScripting.PluginManifest.get_versionMismatch () [0x00000] in .\Library\PackageCache\com.unity.visualscripting@1.9.0\Editor\VisualScripting.Core\Plugins\PluginManifest.cs:48 
  at Unity.VisualScripting.PluginContainer.Initialize () [0x00525] in .\Library\PackageCache\com.unity.visualscripting@1.9.0\Editor\VisualScripting.Core\Plugins\PluginContainer.cs:208 
  at Unity.VisualScripting.PluginContainer.InitializeOnLoad () [0x00009] in .\Library\PackageCache\com.unity.visualscripting@1.9.0\Editor\VisualScripting.Core\Plugins\PluginContainer.cs:32 
  at Unity.VisualScripting.VSUsageUtility.DoInitializeOnLoadCalls () [0x00034] in .\Library\PackageCache\com.unity.visualscripting@1.9.0\Editor\VisualScripting.Core\Utilities\VSUsageUtility.cs:76 
  at Unity.VisualScripting.VSUsageUtility.set_isVisualScriptingUsed (System.Boolean value) [0x0002c] in .\Library\PackageCache\com.unity.visualscripting@1.9.0\Editor\VisualScripting.Core\Utilities\VSUsageUtility.cs:114 
  at Unity.VisualScripting.VSUsageUtility.CheckAndSetIsVisualScriptingUsed () [0x00032] in .\Library\PackageCache\com.unity.visualscripting@1.9.0\Editor\VisualScripting.Core\Utilities\VSUsageUtility.cs:48 
  at Unity.VisualScripting.VSUsageUtility..cctor () [0x00000] in .\Library\PackageCache\com.unity.visualscripting@1.9.0\Editor\VisualScripting.Core\Utilities\VSUsageUtility.cs:22 
Package Manager log level set to [2]
[Package Manager] Server::EnsureServerProcessIsRunning -- launch failed, reason: Unity was launched with the -noUpm command-line argument
[Package Manager] UpmClient::Send -- Unable to send message (not connected to UPM process).
[Package Manager] Cannot connect to Unity Package Manager local server
Mono: successfully reloaded assembly
- Finished resetting the current domain, in  3.217 seconds
Domain Reload Profiling: 5003ms
	BeginReloadAssembly (407ms)
		ExecutionOrderSort (0ms)
		DisableScriptedObjects (14ms)
		BackupInstance (0ms)
		ReleaseScriptingObjects (0ms)
		CreateAndSetChildDomain (46ms)
	RebuildCommonClasses (100ms)
	RebuildNativeTypeToScriptingClass (29ms)
	initialDomainReloadingComplete (109ms)
	LoadAllAssembliesAndSetupDomain (1141ms)
		LoadAssemblies (839ms)
		RebuildTransferFunctionScriptingTraits (0ms)
		AnalyzeDomain (554ms)
			TypeCache.Refresh (479ms)
				TypeCache.ScanAssembly (443ms)
			ScanForSourceGeneratedMonoScriptInfo (57ms)
			ResolveRequiredComponents (15ms)
	FinalizeReload (3218ms)
		ReleaseScriptCaches (0ms)
		RebuildScriptCaches (0ms)
		SetupLoadedEditorAssemblies (2733ms)
			LogAssemblyErrors (0ms)
			InitializePlatformSupportModulesInManaged (30ms)
			SetLoadedEditorAssemblies (13ms)
			RefreshPlugins (0ms)
			BeforeProcessingInitializeOnLoad (232ms)
			ProcessInitializeOnLoadAttributes (2381ms)
			ProcessInitializeOnLoadMethodAttributes (52ms)
			AfterProcessingInitializeOnLoad (24ms)
			EditorAssembliesLoaded (0ms)
		ExecutionOrderSort2 (0ms)
		AwakeInstancesAfterBackupRestoration (12ms)
Launched and connected shader compiler UnityShaderCompiler.exe after 0.10 seconds
Refreshing native plugins compatible for Editor in 15.66 ms, found 3 plugins.
Preloading 0 native plugins for Editor in 0.00 ms.
Unloading 3500 Unused Serialized files (Serialized files now loaded: 0)
Unloading 36 unused Assets / (98.3 KB). Loaded Objects now: 3966.
Memory consumption went from 133.0 MB to 132.9 MB.
Total: 48.598100 ms (FindLiveObjects: 1.281400 ms CreateObjectMapping: 0.507900 ms MarkObjects: 46.510400 ms  DeleteObjects: 0.296400 ms)

AssetImportParameters requested are different than current active one (requested -> active):
  custom:container-demuxer-ogg: 62fdf1f143b41e24485cea50d1cbac27 -> 
  custom:video-decoder-ogg-theora: a1e56fd34408186e4bbccfd4996cb3dc -> 
  custom:framework-win-MediaFoundation: 216162199b28c13a410421893ffa2e32 -> 
  custom:CustomObjectIndexerAttribute: 756ad292c208cfabdd7b50bc23989ffe -> 
  custom:container-demuxer-webm: 4f35f7cbe854078d1ac9338744f61a02 -> 
  custom:container-muxer-webm: aa71ff27fc2769a1b78a27578f13a17b -> 
  custom:video-decoder-webm-vp8: 9c59270c3fd7afecdb556c50c9e8de78 -> 
  custom:SearchIndexIgnoredProperties: e643bd26f0fe6173181afceb89e7c659 -> 
  custom:AudioImporter_EditorPlatform: d09bf68614088b80899f8185d706f6e7 -> 
  custom:video-encoder-webm-vp8: eb34c28f22e8b96e1ab97ce403110664 -> 
  custom:audio-decoder-ogg-vorbis: bf7c407c2cedff20999df2af8eb42d56 -> 
  custom:audio-encoder-webm-vorbis: bf7c407c2cedff20999df2af8eb42d56 -> 
========================================================================
Received Import Request.
  Time since last request: 659318.675622 seconds.
  path: Assets/insane_ending.asset
  artifactKey: Guid(285b69db0bbad104fa520112839f677e) Importer(815301076,1909f56bfc062723c751e8b465ee728b)
Start importing Assets/insane_ending.asset using Guid(285b69db0bbad104fa520112839f677e) Importer(815301076,1909f56bfc062723c751e8b465ee728b)  -> (artifact id: '8c6ad3e74737dc66e8439dbeae30a6e2') in 1.702015 seconds
Number of updated asset objects reloaded before import = 0
Number of asset objects unloaded after import = 1
========================================================================
Received Import Request.
  Time since last request: 453.306922 seconds.
  path: Assets/Material/Toilet_Silver.mat
  artifactKey: Guid(81b6287b258cf9e41b32926733641fb2) Importer(815301076,1909f56bfc062723c751e8b465ee728b)
Start importing Assets/Material/Toilet_Silver.mat using Guid(81b6287b258cf9e41b32926733641fb2) Importer(815301076,1909f56bfc062723c751e8b465ee728b)  -> (artifact id: 'b180416043629d2e40d97436d9939527') in 0.227754 seconds
Number of updated asset objects reloaded before import = 0
Number of asset objects unloaded after import = 1
========================================================================
Received Import Request.
  Time since last request: 1255.514432 seconds.
  path: Assets/SinkAndToilet/Models/Toilet.obj
  artifactKey: Guid(4fed004c0b23bcf43aaa7bb2886b1f7d) Importer(815301076,1909f56bfc062723c751e8b465ee728b)
Start importing Assets/SinkAndToilet/Models/Toilet.obj using Guid(4fed004c0b23bcf43aaa7bb2886b1f7d) Importer(815301076,1909f56bfc062723c751e8b465ee728b)  -> (artifact id: 'dba2c6438e99c79ff7cd2891bf64ebb2') in 0.866604 seconds
Number of updated asset objects reloaded before import = 0
Number of asset objects unloaded after import = 14
========================================================================
Received Import Request.
  Time since last request: 87.803233 seconds.
  path: Assets/SinkAndToilet/Models/Toilet.obj
  artifactKey: Guid(4fed004c0b23bcf43aaa7bb2886b1f7d) Importer(815301076,1909f56bfc062723c751e8b465ee728b)
Start importing Assets/SinkAndToilet/Models/Toilet.obj using Guid(4fed004c0b23bcf43aaa7bb2886b1f7d) Importer(815301076,1909f56bfc062723c751e8b465ee728b)  -> (artifact id: '9346e3c37fdb456e0717ca44f08306e1') in 0.088931 seconds
Number of updated asset objects reloaded before import = 0
Number of asset objects unloaded after import = 14
========================================================================
Received Import Request.
  Time since last request: 11.485895 seconds.
  path: Assets/SinkAndToilet/Models/Materials/ToiletMat.mat
  artifactKey: Guid(73b4d47c32a0a554c93724c609e75f3f) Importer(815301076,1909f56bfc062723c751e8b465ee728b)
Start importing Assets/SinkAndToilet/Models/Materials/ToiletMat.mat using Guid(73b4d47c32a0a554c93724c609e75f3f) Importer(815301076,1909f56bfc062723c751e8b465ee728b)  -> (artifact id: '11e72c2914c329990478c97c0f8e89a0') in 0.036346 seconds
Number of updated asset objects reloaded before import = 0
Number of asset objects unloaded after import = 5
========================================================================
Received Import Request.
  Time since last request: 6.186579 seconds.
  path: Assets/SinkAndToilet/Prefabs/Toilet.prefab
  artifactKey: Guid(d36ce85b8944d15459422e452cdca919) Importer(815301076,1909f56bfc062723c751e8b465ee728b)
Start importing Assets/SinkAndToilet/Prefabs/Toilet.prefab using Guid(d36ce85b8944d15459422e452cdca919) Importer(815301076,1909f56bfc062723c751e8b465ee728b)  -> (artifact id: 'dcae2445db524179f3946f7be85523e5') in 0.031401 seconds
Number of updated asset objects reloaded before import = 0
Number of asset objects unloaded after import = 15
========================================================================
Received Import Request.
  Time since last request: 2.967876 seconds.
  path: Assets/SinkAndToilet/Textures/Sink_Diffuse.png
  artifactKey: Guid(8217c2eb509dff2448fc2af511f5e57f) Importer(815301076,1909f56bfc062723c751e8b465ee728b)
Start importing Assets/SinkAndToilet/Textures/Sink_Diffuse.png using Guid(8217c2eb509dff2448fc2af511f5e57f) Importer(815301076,1909f56bfc062723c751e8b465ee728b)  -> (artifact id: '5e1b44cca5f68f0917ac27e7b64cbb6e') in 0.063405 seconds
Number of updated asset objects reloaded before import = 0
Number of asset objects unloaded after import = 2
========================================================================
Received Import Request.
  Time since last request: 0.000036 seconds.
  path: Assets/SinkAndToilet/Textures/Sink_Specular.png
  artifactKey: Guid(b0894dc495ef8424fafd6e593911af5b) Importer(815301076,1909f56bfc062723c751e8b465ee728b)
Start importing Assets/SinkAndToilet/Textures/Sink_Specular.png using Guid(b0894dc495ef8424fafd6e593911af5b) Importer(815301076,1909f56bfc062723c751e8b465ee728b)  -> (artifact id: 'cd79c3b3e02ca46b7e82fd5c97586290') in 0.055986 seconds
Number of updated asset objects reloaded before import = 0
Number of asset objects unloaded after import = 2
========================================================================
Received Import Request.
  Time since last request: 0.000043 seconds.
  path: Assets/SinkAndToilet/Textures/Toilet_Normal.png
  artifactKey: Guid(860117826d0eaa14b99fff16ae2cbbc3) Importer(815301076,1909f56bfc062723c751e8b465ee728b)
Start importing Assets/SinkAndToilet/Textures/Toilet_Normal.png using Guid(860117826d0eaa14b99fff16ae2cbbc3) Importer(815301076,1909f56bfc062723c751e8b465ee728b)  -> (artifact id: '500b050471f0d385df74bc2ac5e518a6') in 0.099610 seconds
Number of updated asset objects reloaded before import = 0
Number of asset objects unloaded after import = 2
========================================================================
Received Import Request.
  Time since last request: 0.000034 seconds.
  path: Assets/SinkAndToilet/Textures/Sink_Normal.png
  artifactKey: Guid(42c4ef37adbc58c44b7069c04a8b706f) Importer(815301076,1909f56bfc062723c751e8b465ee728b)
Start importing Assets/SinkAndToilet/Textures/Sink_Normal.png using Guid(42c4ef37adbc58c44b7069c04a8b706f) Importer(815301076,1909f56bfc062723c751e8b465ee728b)  -> (artifact id: 'dce102ef46ba624a4e71f1cdc4402ea0') in 0.051167 seconds
Number of updated asset objects reloaded before import = 0
Number of asset objects unloaded after import = 2
========================================================================
Received Import Request.
  Time since last request: 193.366951 seconds.
  path: Assets/Old Military Bed (HQ)/Bed.prefab
  artifactKey: Guid(ad90aafd907a0d746a6ea2e80c266671) Importer(815301076,1909f56bfc062723c751e8b465ee728b)
Start importing Assets/Old Military Bed (HQ)/Bed.prefab using Guid(ad90aafd907a0d746a6ea2e80c266671) Importer(815301076,1909f56bfc062723c751e8b465ee728b)  -> (artifact id: '6192b6f3a2260d199eb9f00d4f8257e3') in 0.053123 seconds
Number of updated asset objects reloaded before import = 0
Number of asset objects unloaded after import = 11
========================================================================
Received Import Request.
  Time since last request: 25.935613 seconds.
  path: Assets/Old Military Bed (HQ)/Textures/Bed_N.png
  artifactKey: Guid(8a79e94064ac91f4d9a7d925268f987d) Importer(815301076,1909f56bfc062723c751e8b465ee728b)
Start importing Assets/Old Military Bed (HQ)/Textures/Bed_N.png using Guid(8a79e94064ac91f4d9a7d925268f987d) Importer(815301076,1909f56bfc062723c751e8b465ee728b)  -> (artifact id: 'a8e8d5cb0bc478a29054fdd2044532d0') in 0.060402 seconds
Number of updated asset objects reloaded before import = 0
Number of asset objects unloaded after import = 2
========================================================================
Received Import Request.
  Time since last request: 372.274672 seconds.
  path: Assets/Old Military Bed (HQ)/Bed.prefab
  artifactKey: Guid(ad90aafd907a0d746a6ea2e80c266671) Importer(815301076,1909f56bfc062723c751e8b465ee728b)
Start importing Assets/Old Military Bed (HQ)/Bed.prefab using Guid(ad90aafd907a0d746a6ea2e80c266671) Importer(815301076,1909f56bfc062723c751e8b465ee728b)  -> (artifact id: 'fcd37ea9443439e86c781595fc6bb4a6') in 0.062962 seconds
Number of updated asset objects reloaded before import = 0
Number of asset objects unloaded after import = 11
========================================================================
Received Import Request.
  Time since last request: 100.200678 seconds.
  path: Assets/Dnk_Dev/HospitalHorrorPack/Models/SM_BedBedding_01.obj
  artifactKey: Guid(92a399879ec49094b8bd5109dd1d830e) Importer(815301076,1909f56bfc062723c751e8b465ee728b)
Start importing Assets/Dnk_Dev/HospitalHorrorPack/Models/SM_BedBedding_01.obj using Guid(92a399879ec49094b8bd5109dd1d830e) Importer(815301076,1909f56bfc062723c751e8b465ee728b)  -> (artifact id: 'dc5363c2aa0d7ea9b9b97f4dca06a804') in 0.075696 seconds
Number of updated asset objects reloaded before import = 0
Number of asset objects unloaded after import = 9
========================================================================
Received Import Request.
  Time since last request: 0.000041 seconds.
  path: Assets/Dnk_Dev/HospitalHorrorPack/Models/SM_Floor_02.obj
  artifactKey: Guid(2ec12a10dd1a99b498eec7fd09146b7b) Importer(815301076,1909f56bfc062723c751e8b465ee728b)
Start importing Assets/Dnk_Dev/HospitalHorrorPack/Models/SM_Floor_02.obj using Guid(2ec12a10dd1a99b498eec7fd09146b7b) Importer(815301076,1909f56bfc062723c751e8b465ee728b)  -> (artifact id: '433c4786fbec470eaa9255533e4e3161') in 0.082128 seconds
Number of updated asset objects reloaded before import = 0
Number of asset objects unloaded after import = 14
========================================================================
Received Import Request.
  Time since last request: 0.000035 seconds.
  path: Assets/Dnk_Dev/HospitalHorrorPack/Models/SM_Module_DoorRoom_01.obj
  artifactKey: Guid(0d79e6eeb6fa3724482d6c497796a964) Importer(815301076,1909f56bfc062723c751e8b465ee728b)
Start importing Assets/Dnk_Dev/HospitalHorrorPack/Models/SM_Module_DoorRoom_01.obj using Guid(0d79e6eeb6fa3724482d6c497796a964) Importer(815301076,1909f56bfc062723c751e8b465ee728b)  -> (artifact id: '812d24be35a72118c835106acdb589bf') in 0.179769 seconds
Number of updated asset objects reloaded before import = 0
Number of asset objects unloaded after import = 34
========================================================================
Received Import Request.
  Time since last request: 0.000036 seconds.
  path: Assets/Dnk_Dev/HospitalHorrorPack/Models/SM_Wall_01.obj
  artifactKey: Guid(220440116ec5d2f4fa6d4c4b8a9e095b) Importer(815301076,1909f56bfc062723c751e8b465ee728b)
Start importing Assets/Dnk_Dev/HospitalHorrorPack/Models/SM_Wall_01.obj using Guid(220440116ec5d2f4fa6d4c4b8a9e095b) Importer(815301076,1909f56bfc062723c751e8b465ee728b)  -> (artifact id: '01c2247231bdea41ab27920241b522b1') in 0.082577 seconds
Number of updated asset objects reloaded before import = 0
Number of asset objects unloaded after import = 14
========================================================================
Received Import Request.
  Time since last request: 0.000055 seconds.
  path: Assets/Dnk_Dev/HospitalHorrorPack/Models/SM_Med_box_01.FBX
  artifactKey: Guid(18ce9342c786442408d15b750748b72c) Importer(815301076,1909f56bfc062723c751e8b465ee728b)
Start importing Assets/Dnk_Dev/HospitalHorrorPack/Models/SM_Med_box_01.FBX using Guid(18ce9342c786442408d15b750748b72c) Importer(815301076,1909f56bfc062723c751e8b465ee728b)  -> (artifact id: '77ffff16d9f71a782a5239c4353e7919') in 0.045549 seconds
Number of updated asset objects reloaded before import = 0
Number of asset objects unloaded after import = 7
========================================================================
Received Import Request.
  Time since last request: 0.000028 seconds.
  path: Assets/Dnk_Dev/HospitalHorrorPack/Models/SM_Ceiling_01.obj
  artifactKey: Guid(fb6d3eae3b4e46e46a8b71b5faa7e6a3) Importer(815301076,1909f56bfc062723c751e8b465ee728b)
Start importing Assets/Dnk_Dev/HospitalHorrorPack/Models/SM_Ceiling_01.obj using Guid(fb6d3eae3b4e46e46a8b71b5faa7e6a3) Importer(815301076,1909f56bfc062723c751e8b465ee728b)  -> (artifact id: '1f4827cd997f3607dcf8060083f9d11c') in 0.060338 seconds
Number of updated asset objects reloaded before import = 0
Number of asset objects unloaded after import = 9
========================================================================
Received Import Request.
  Time since last request: 0.000031 seconds.
  path: Assets/Dnk_Dev/HospitalHorrorPack/Models/SM_Door_01.obj
  artifactKey: Guid(8c088c51437f8e84c8ccf368945d30c0) Importer(815301076,1909f56bfc062723c751e8b465ee728b)
Start importing Assets/Dnk_Dev/HospitalHorrorPack/Models/SM_Door_01.obj using Guid(8c088c51437f8e84c8ccf368945d30c0) Importer(815301076,1909f56bfc062723c751e8b465ee728b)  -> (artifact id: '802af069af1266f30ceacd035c601799') in 0.103889 seconds
Number of updated asset objects reloaded before import = 0
Number of asset objects unloaded after import = 19
========================================================================
Received Import Request.
  Time since last request: 2.860766 seconds.
  path: Assets/Dnk_Dev/HospitalHorrorPack/Prefab/P_BedBedding.prefab
  artifactKey: Guid(73dd7a893b9f3b547a73fc800af96e4f) Importer(815301076,1909f56bfc062723c751e8b465ee728b)
Start importing Assets/Dnk_Dev/HospitalHorrorPack/Prefab/P_BedBedding.prefab using Guid(73dd7a893b9f3b547a73fc800af96e4f) Importer(815301076,1909f56bfc062723c751e8b465ee728b)  -> (artifact id: 'e76074b9ed9f6e7a39f81bcffb8c72ab') in 1.047850 seconds
Number of updated asset objects reloaded before import = 0
Number of asset objects unloaded after import = 34
========================================================================
Received Import Request.
  Time since last request: 0.000044 seconds.
  path: Assets/Dnk_Dev/HospitalHorrorPack/Prefab/P_Floor_02.prefab
  artifactKey: Guid(695e9c39c231cfa41a135e68073a9772) Importer(815301076,1909f56bfc062723c751e8b465ee728b)
Start importing Assets/Dnk_Dev/HospitalHorrorPack/Prefab/P_Floor_02.prefab using Guid(695e9c39c231cfa41a135e68073a9772) Importer(815301076,1909f56bfc062723c751e8b465ee728b)  -> (artifact id: '3385134d8651400b9e502f3edf91fcb9') in 0.376800 seconds
Number of updated asset objects reloaded before import = 0
Number of asset objects unloaded after import = 23
========================================================================
Received Import Request.
  Time since last request: 0.000055 seconds.
  path: Assets/Dnk_Dev/HospitalHorrorPack/Prefab/P_Wall_02.prefab
  artifactKey: Guid(a71dd1fa6efddfa41990980cd044de47) Importer(815301076,1909f56bfc062723c751e8b465ee728b)
Start importing Assets/Dnk_Dev/HospitalHorrorPack/Prefab/P_Wall_02.prefab using Guid(a71dd1fa6efddfa41990980cd044de47) Importer(815301076,1909f56bfc062723c751e8b465ee728b)  -> (artifact id: 'a308ce916028455752a22726227d1b94') in 0.052895 seconds
Number of updated asset objects reloaded before import = 0
Number of asset objects unloaded after import = 24
========================================================================
Received Import Request.
  Time since last request: 0.000037 seconds.
  path: Assets/Dnk_Dev/HospitalHorrorPack/Prefab/P_Floor_01.prefab
  artifactKey: Guid(b826295956c65444987d7baae67c5858) Importer(815301076,1909f56bfc062723c751e8b465ee728b)
Start importing Assets/Dnk_Dev/HospitalHorrorPack/Prefab/P_Floor_01.prefab using Guid(b826295956c65444987d7baae67c5858) Importer(815301076,1909f56bfc062723c751e8b465ee728b)  -> (artifact id: '818c5ce380fbd4ed79ad9dbd7bc1d464') in 0.055106 seconds
Number of updated asset objects reloaded before import = 0
Number of asset objects unloaded after import = 14
========================================================================
Received Import Request.
  Time since last request: 0.000025 seconds.
  path: Assets/Dnk_Dev/HospitalHorrorPack/Prefab/P_Med_box_01.prefab
  artifactKey: Guid(eeefdd9044a28504abd5e39c9e8fe5d0) Importer(815301076,1909f56bfc062723c751e8b465ee728b)
Start importing Assets/Dnk_Dev/HospitalHorrorPack/Prefab/P_Med_box_01.prefab using Guid(eeefdd9044a28504abd5e39c9e8fe5d0) Importer(815301076,1909f56bfc062723c751e8b465ee728b)  -> (artifact id: '28ce809aab273478f15acf07e77ed1a7') in 0.047773 seconds
Number of updated asset objects reloaded before import = 0
Number of asset objects unloaded after import = 12
========================================================================
Received Import Request.
  Time since last request: 0.000048 seconds.
  path: Assets/Dnk_Dev/HospitalHorrorPack/Prefab/P_Ceiling_01.prefab
  artifactKey: Guid(b0f7abaadca23ea4d910efe028624076) Importer(815301076,1909f56bfc062723c751e8b465ee728b)
Start importing Assets/Dnk_Dev/HospitalHorrorPack/Prefab/P_Ceiling_01.prefab using Guid(b0f7abaadca23ea4d910efe028624076) Importer(815301076,1909f56bfc062723c751e8b465ee728b)  -> (artifact id: '8ff43f8c9707798817c6fae5b41d0ba3') in 0.674719 seconds
Number of updated asset objects reloaded before import = 0
Number of asset objects unloaded after import = 14
========================================================================
Received Import Request.
  Time since last request: 0.000046 seconds.
  path: Assets/Dnk_Dev/HospitalHorrorPack/Prefab/P_Lamp.prefab
  artifactKey: Guid(dc8f3955c063af240afd23143f496335) Importer(815301076,1909f56bfc062723c751e8b465ee728b)
Start importing Assets/Dnk_Dev/HospitalHorrorPack/Prefab/P_Lamp.prefab using Guid(dc8f3955c063af240afd23143f496335) Importer(815301076,1909f56bfc062723c751e8b465ee728b)  -> (artifact id: '8498e02eea0ed005c4486ba1661b8b70') in 0.526874 seconds
Number of updated asset objects reloaded before import = 0
Number of asset objects unloaded after import = 14
========================================================================
Received Import Request.
  Time since last request: 0.000054 seconds.
  path: Assets/Dnk_Dev/HospitalHorrorPack/Prefab/P_Wall_01.prefab
  artifactKey: Guid(a73967be39a7cc74ca310e8a9d9de82d) Importer(815301076,1909f56bfc062723c751e8b465ee728b)
Start importing Assets/Dnk_Dev/HospitalHorrorPack/Prefab/P_Wall_01.prefab using Guid(a73967be39a7cc74ca310e8a9d9de82d) Importer(815301076,1909f56bfc062723c751e8b465ee728b)  -> (artifact id: 'c71df4e42698a026e07c4ab3545fc511') in 0.085418 seconds
Number of updated asset objects reloaded before import = 0
Number of asset objects unloaded after import = 24
========================================================================
Received Import Request.
  Time since last request: 0.000028 seconds.
  path: Assets/Dnk_Dev/HospitalHorrorPack/Prefab/P_Door_01_Base.prefab
  artifactKey: Guid(6d0f69892e260164b9b56372f7556fdb) Importer(815301076,1909f56bfc062723c751e8b465ee728b)
Start importing Assets/Dnk_Dev/HospitalHorrorPack/Prefab/P_Door_01_Base.prefab using Guid(6d0f69892e260164b9b56372f7556fdb) Importer(815301076,1909f56bfc062723c751e8b465ee728b)  -> (artifact id: '2ba1d51cc1c2cf3004080f844e01a5f5') in 0.072796 seconds
Number of updated asset objects reloaded before import = 0
Number of asset objects unloaded after import = 14
========================================================================
Received Import Request.
  Time since last request: 0.000034 seconds.
  path: Assets/Dnk_Dev/HospitalHorrorPack/Prefab/P_Module_DoorRoom_02.prefab
  artifactKey: Guid(78dc1f2f7ef70c74a8ecfc380bab48be) Importer(815301076,1909f56bfc062723c751e8b465ee728b)
Start importing Assets/Dnk_Dev/HospitalHorrorPack/Prefab/P_Module_DoorRoom_02.prefab using Guid(78dc1f2f7ef70c74a8ecfc380bab48be) Importer(815301076,1909f56bfc062723c751e8b465ee728b)  -> (artifact id: '43b0486bcf5ad9073f6511a95a48cc6a') in 0.384791 seconds
Number of updated asset objects reloaded before import = 0
Number of asset objects unloaded after import = 71
