Using pre-set license
Built from '2022.3/staging' branch; Version is '2022.3.8f1 (b5eafc012955) revision 11922172'; Using compiler version '192829333'; Build Type 'Release'
OS: 'Windows 10  (10.0.19045) 64bit Core' Language: 'en' Physical Memory: 16124 MB
BatchMode: 1, IsHumanControllingUs: 0, StartBugReporterOnCrash: 0, Is64bit: 1, IsPro: 1

COMMAND LINE ARGUMENTS:
C:\Program Files\Unity\Hub\Editor\2022.3.8f1\Editor\Unity.exe
-adb2
-batchMode
-noUpm
-name
AssetImportWorker0
-projectPath
C:/Users/Greg/OneDrive - Indiana University/Documents/GitHub/Final_Draft/Final_Draft
-logFile
Logs/AssetImportWorker0.log
-srvPort
59245
Successfully changed project path to: C:/Users/Greg/OneDrive - Indiana University/Documents/GitHub/Final_Draft/Final_Draft
C:/Users/Greg/OneDrive - Indiana University/Documents/GitHub/Final_Draft/Final_Draft
[UnityMemory] Configuration Parameters - Can be set up in boot.config
    "memorysetup-bucket-allocator-granularity=16"
    "memorysetup-bucket-allocator-bucket-count=8"
    "memorysetup-bucket-allocator-block-size=33554432"
    "memorysetup-bucket-allocator-block-count=8"
    "memorysetup-main-allocator-block-size=16777216"
    "memorysetup-thread-allocator-block-size=16777216"
    "memorysetup-gfx-main-allocator-block-size=16777216"
    "memorysetup-gfx-thread-allocator-block-size=16777216"
    "memorysetup-cache-allocator-block-size=4194304"
    "memorysetup-typetree-allocator-block-size=2097152"
    "memorysetup-profiler-bucket-allocator-granularity=16"
    "memorysetup-profiler-bucket-allocator-bucket-count=8"
    "memorysetup-profiler-bucket-allocator-block-size=33554432"
    "memorysetup-profiler-bucket-allocator-block-count=8"
    "memorysetup-profiler-allocator-block-size=16777216"
    "memorysetup-profiler-editor-allocator-block-size=1048576"
    "memorysetup-temp-allocator-size-main=16777216"
    "memorysetup-job-temp-allocator-block-size=2097152"
    "memorysetup-job-temp-allocator-block-size-background=1048576"
    "memorysetup-job-temp-allocator-reduction-small-platforms=262144"
    "memorysetup-allocator-temp-initial-block-size-main=262144"
    "memorysetup-allocator-temp-initial-block-size-worker=262144"
    "memorysetup-temp-allocator-size-background-worker=32768"
    "memorysetup-temp-allocator-size-job-worker=262144"
    "memorysetup-temp-allocator-size-preload-manager=33554432"
    "memorysetup-temp-allocator-size-nav-mesh-worker=65536"
    "memorysetup-temp-allocator-size-audio-worker=65536"
    "memorysetup-temp-allocator-size-cloud-worker=32768"
    "memorysetup-temp-allocator-size-gi-baking-worker=262144"
    "memorysetup-temp-allocator-size-gfx=262144"
Player connection [31924] Host "[IP] 192.168.1.230 [Port] 0 [Flags] 2 [Guid] 3750808319 [EditorId] 3750808319 [Version] 1048832 [Id] WindowsEditor(7,LAPTOP-PVSJ6JSS) [Debug] 1 [PackageName] WindowsEditor [ProjectName] Editor" joined multi-casting on [225.0.0.222:54997]...

Player connection [31924] Host "[IP] 192.168.1.230 [Port] 0 [Flags] 2 [Guid] 3750808319 [EditorId] 3750808319 [Version] 1048832 [Id] WindowsEditor(7,LAPTOP-PVSJ6JSS) [Debug] 1 [PackageName] WindowsEditor [ProjectName] Editor" joined alternative multi-casting on [225.0.0.222:34997]...

[Physics::Module] Initialized MultithreadedJobDispatcher with 7 workers.
Refreshing native plugins compatible for Editor in 22.62 ms, found 3 plugins.
Preloading 0 native plugins for Editor in 0.00 ms.
Initialize engine version: 2022.3.8f1 (b5eafc012955)
[Subsystems] Discovering subsystems at path C:/Program Files/Unity/Hub/Editor/2022.3.8f1/Editor/Data/Resources/UnitySubsystems
[Subsystems] Discovering subsystems at path C:/Users/Greg/OneDrive - Indiana University/Documents/GitHub/Final_Draft/Final_Draft/Assets
GfxDevice: creating device client; threaded=0; jobified=0
Direct3D:
    Version:  Direct3D 11.0 [level 11.1]
    Renderer: Intel(R) Iris(R) Plus Graphics (ID=0x8a52)
    Vendor:   Intel
    VRAM:     8062 MB
    Driver:   30.0.100.9805
Initialize mono
Mono path[0] = 'C:/Program Files/Unity/Hub/Editor/2022.3.8f1/Editor/Data/Managed'
Mono path[1] = 'C:/Program Files/Unity/Hub/Editor/2022.3.8f1/Editor/Data/MonoBleedingEdge/lib/mono/unityjit-win32'
Mono config path = 'C:/Program Files/Unity/Hub/Editor/2022.3.8f1/Editor/Data/MonoBleedingEdge/etc'
Using monoOptions --debugger-agent=transport=dt_socket,embedding=1,server=y,suspend=n,address=127.0.0.1:56992
Begin MonoManager ReloadAssembly
Registering precompiled unity dll's ...
Register platform support module: C:/Program Files/Unity/Hub/Editor/2022.3.8f1/Editor/Data/PlaybackEngines/WebGLSupport/UnityEditor.WebGL.Extensions.dll
Register platform support module: C:/Program Files/Unity/Hub/Editor/2022.3.8f1/Editor/Data/PlaybackEngines/WindowsStandaloneSupport/UnityEditor.WindowsStandalone.Extensions.dll
Registered in 0.023585 seconds.
- Loaded All Assemblies, in  0.782 seconds
Native extension for WindowsStandalone target not found
Native extension for WebGL target not found
Mono: successfully reloaded assembly
- Finished resetting the current domain, in  0.591 seconds
Domain Reload Profiling: 1368ms
	BeginReloadAssembly (214ms)
		ExecutionOrderSort (0ms)
		DisableScriptedObjects (0ms)
		BackupInstance (0ms)
		ReleaseScriptingObjects (0ms)
		CreateAndSetChildDomain (1ms)
	RebuildCommonClasses (75ms)
	RebuildNativeTypeToScriptingClass (22ms)
	initialDomainReloadingComplete (125ms)
	LoadAllAssembliesAndSetupDomain (340ms)
		LoadAssemblies (209ms)
		RebuildTransferFunctionScriptingTraits (0ms)
		AnalyzeDomain (336ms)
			TypeCache.Refresh (334ms)
				TypeCache.ScanAssembly (308ms)
			ScanForSourceGeneratedMonoScriptInfo (1ms)
			ResolveRequiredComponents (1ms)
	FinalizeReload (592ms)
		ReleaseScriptCaches (0ms)
		RebuildScriptCaches (0ms)
		SetupLoadedEditorAssemblies (448ms)
			LogAssemblyErrors (0ms)
			InitializePlatformSupportModulesInManaged (26ms)
			SetLoadedEditorAssemblies (12ms)
			RefreshPlugins (0ms)
			BeforeProcessingInitializeOnLoad (5ms)
			ProcessInitializeOnLoadAttributes (285ms)
			ProcessInitializeOnLoadMethodAttributes (118ms)
			AfterProcessingInitializeOnLoad (0ms)
			EditorAssembliesLoaded (0ms)
		ExecutionOrderSort2 (0ms)
		AwakeInstancesAfterBackupRestoration (0ms)
========================================================================
Worker process is ready to serve import requests
Begin MonoManager ReloadAssembly
- Loaded All Assemblies, in  1.833 seconds
Refreshing native plugins compatible for Editor in 14.67 ms, found 3 plugins.
Native extension for WindowsStandalone target not found
Native extension for WebGL target not found
System.Exception: Error! Visual Scripting: couldn't find visual scripting package
  at Unity.VisualScripting.PackageVersionUtility.get_version () [0x00043] in .\Library\PackageCache\com.unity.visualscripting@1.9.0\Editor\VisualScripting.Core\Utilities\PackageVersionUtility.cs:31 
  at Unity.VisualScripting.BoltCoreManifest.get_version () [0x00000] in .\Library\PackageCache\com.unity.visualscripting@1.9.0\Editor\VisualScripting.Core\Plugin\BoltCoreManifest.cs:11 
  at Unity.VisualScripting.PluginManifest.get_currentVersion () [0x00000] in .\Library\PackageCache\com.unity.visualscripting@1.9.0\Editor\VisualScripting.Core\Plugins\PluginManifest.cs:33 
  at Unity.VisualScripting.PluginManifest.get_versionMismatch () [0x00000] in .\Library\PackageCache\com.unity.visualscripting@1.9.0\Editor\VisualScripting.Core\Plugins\PluginManifest.cs:48 
  at Unity.VisualScripting.PluginContainer.Initialize () [0x00525] in .\Library\PackageCache\com.unity.visualscripting@1.9.0\Editor\VisualScripting.Core\Plugins\PluginContainer.cs:208 
  at Unity.VisualScripting.PluginContainer.InitializeOnLoad () [0x00009] in .\Library\PackageCache\com.unity.visualscripting@1.9.0\Editor\VisualScripting.Core\Plugins\PluginContainer.cs:32 
  at Unity.VisualScripting.VSUsageUtility.DoInitializeOnLoadCalls () [0x00034] in .\Library\PackageCache\com.unity.visualscripting@1.9.0\Editor\VisualScripting.Core\Utilities\VSUsageUtility.cs:76 
  at Unity.VisualScripting.VSUsageUtility.set_isVisualScriptingUsed (System.Boolean value) [0x0002c] in .\Library\PackageCache\com.unity.visualscripting@1.9.0\Editor\VisualScripting.Core\Utilities\VSUsageUtility.cs:114 
  at Unity.VisualScripting.VSUsageUtility.CheckAndSetIsVisualScriptingUsed () [0x00032] in .\Library\PackageCache\com.unity.visualscripting@1.9.0\Editor\VisualScripting.Core\Utilities\VSUsageUtility.cs:48 
  at Unity.VisualScripting.VSUsageUtility..cctor () [0x00000] in .\Library\PackageCache\com.unity.visualscripting@1.9.0\Editor\VisualScripting.Core\Utilities\VSUsageUtility.cs:22 
Package Manager log level set to [2]
[Package Manager] Server::EnsureServerProcessIsRunning -- launch failed, reason: Unity was launched with the -noUpm command-line argument
[Package Manager] UpmClient::Send -- Unable to send message (not connected to UPM process).
[Package Manager] Cannot connect to Unity Package Manager local server
Mono: successfully reloaded assembly
- Finished resetting the current domain, in  3.185 seconds
Domain Reload Profiling: 5008ms
	BeginReloadAssembly (416ms)
		ExecutionOrderSort (0ms)
		DisableScriptedObjects (16ms)
		BackupInstance (0ms)
		ReleaseScriptingObjects (0ms)
		CreateAndSetChildDomain (49ms)
	RebuildCommonClasses (103ms)
	RebuildNativeTypeToScriptingClass (32ms)
	initialDomainReloadingComplete (113ms)
	LoadAllAssembliesAndSetupDomain (1159ms)
		LoadAssemblies (840ms)
		RebuildTransferFunctionScriptingTraits (0ms)
		AnalyzeDomain (568ms)
			TypeCache.Refresh (486ms)
				TypeCache.ScanAssembly (447ms)
			ScanForSourceGeneratedMonoScriptInfo (60ms)
			ResolveRequiredComponents (19ms)
	FinalizeReload (3186ms)
		ReleaseScriptCaches (0ms)
		RebuildScriptCaches (0ms)
		SetupLoadedEditorAssemblies (2690ms)
			LogAssemblyErrors (0ms)
			InitializePlatformSupportModulesInManaged (27ms)
			SetLoadedEditorAssemblies (15ms)
			RefreshPlugins (0ms)
			BeforeProcessingInitializeOnLoad (226ms)
			ProcessInitializeOnLoadAttributes (2351ms)
			ProcessInitializeOnLoadMethodAttributes (49ms)
			AfterProcessingInitializeOnLoad (23ms)
			EditorAssembliesLoaded (0ms)
		ExecutionOrderSort2 (0ms)
		AwakeInstancesAfterBackupRestoration (14ms)
Launched and connected shader compiler UnityShaderCompiler.exe after 0.09 seconds
Refreshing native plugins compatible for Editor in 25.43 ms, found 3 plugins.
Preloading 0 native plugins for Editor in 0.00 ms.
Unloading 3500 Unused Serialized files (Serialized files now loaded: 0)
Unloading 36 unused Assets / (98.3 KB). Loaded Objects now: 3966.
Memory consumption went from 133.1 MB to 133.0 MB.
Total: 44.515700 ms (FindLiveObjects: 0.465000 ms CreateObjectMapping: 0.558200 ms MarkObjects: 43.165000 ms  DeleteObjects: 0.325200 ms)

AssetImportParameters requested are different than current active one (requested -> active):
  custom:container-demuxer-ogg: 62fdf1f143b41e24485cea50d1cbac27 -> 
  custom:video-decoder-ogg-theora: a1e56fd34408186e4bbccfd4996cb3dc -> 
  custom:framework-win-MediaFoundation: 216162199b28c13a410421893ffa2e32 -> 
  custom:CustomObjectIndexerAttribute: 756ad292c208cfabdd7b50bc23989ffe -> 
  custom:container-demuxer-webm: 4f35f7cbe854078d1ac9338744f61a02 -> 
  custom:container-muxer-webm: aa71ff27fc2769a1b78a27578f13a17b -> 
  custom:video-decoder-webm-vp8: 9c59270c3fd7afecdb556c50c9e8de78 -> 
  custom:SearchIndexIgnoredProperties: e643bd26f0fe6173181afceb89e7c659 -> 
  custom:AudioImporter_EditorPlatform: d09bf68614088b80899f8185d706f6e7 -> 
  custom:video-encoder-webm-vp8: eb34c28f22e8b96e1ab97ce403110664 -> 
  custom:audio-decoder-ogg-vorbis: bf7c407c2cedff20999df2af8eb42d56 -> 
  custom:audio-encoder-webm-vorbis: bf7c407c2cedff20999df2af8eb42d56 -> 
========================================================================
Received Import Request.
  Time since last request: 659690.733736 seconds.
  path: Assets/Material/Toilet_Silver.mat
  artifactKey: Guid(81b6287b258cf9e41b32926733641fb2) Importer(815301076,1909f56bfc062723c751e8b465ee728b)
Start importing Assets/Material/Toilet_Silver.mat using Guid(81b6287b258cf9e41b32926733641fb2) Importer(815301076,1909f56bfc062723c751e8b465ee728b)  -> (artifact id: 'f374b38e2387e3bf8af62b1909a9a6d5') in 0.234486 seconds
Number of updated asset objects reloaded before import = 0
Number of asset objects unloaded after import = 1
========================================================================
Received Import Request.
  Time since last request: 9.718331 seconds.
  path: Assets/Material/Prison_Wall_Grey.mat
  artifactKey: Guid(7d23f29f705c507448dee87d4f67b4f4) Importer(815301076,1909f56bfc062723c751e8b465ee728b)
Start importing Assets/Material/Prison_Wall_Grey.mat using Guid(7d23f29f705c507448dee87d4f67b4f4) Importer(815301076,1909f56bfc062723c751e8b465ee728b)  -> (artifact id: '7ad83dd5e652116f41f8d5337e52c3d7') in 0.037974 seconds
Number of updated asset objects reloaded before import = 0
Number of asset objects unloaded after import = 1
========================================================================
Received Import Request.
  Time since last request: 72.947091 seconds.
  path: Assets/Material/Prison_Wall_Grey.mat
  artifactKey: Guid(7d23f29f705c507448dee87d4f67b4f4) Importer(815301076,1909f56bfc062723c751e8b465ee728b)
Start importing Assets/Material/Prison_Wall_Grey.mat using Guid(7d23f29f705c507448dee87d4f67b4f4) Importer(815301076,1909f56bfc062723c751e8b465ee728b)  -> (artifact id: '229b071720ad91b428b923d1c5e0a543') in 0.034826 seconds
Number of updated asset objects reloaded before import = 0
Number of asset objects unloaded after import = 1
========================================================================
Received Import Request.
  Time since last request: 1190.411479 seconds.
  path: Assets/SinkAndToilet
  artifactKey: Guid(526cbac0a1e3e754abc8fa51e58504d8) Importer(815301076,1909f56bfc062723c751e8b465ee728b)
Start importing Assets/SinkAndToilet using Guid(526cbac0a1e3e754abc8fa51e58504d8) Importer(815301076,1909f56bfc062723c751e8b465ee728b)  -> (artifact id: '682bd391035a1543602b78f84baff063') in 0.001198 seconds
Number of updated asset objects reloaded before import = 0
Number of asset objects unloaded after import = 0
========================================================================
Received Import Request.
  Time since last request: 65.112847 seconds.
  path: Assets/SinkAndToilet/Models
  artifactKey: Guid(8990cd9fcb340354eaab5f2c872dcc2b) Importer(815301076,1909f56bfc062723c751e8b465ee728b)
Start importing Assets/SinkAndToilet/Models using Guid(8990cd9fcb340354eaab5f2c872dcc2b) Importer(815301076,1909f56bfc062723c751e8b465ee728b)  -> (artifact id: '7c5ea7606f252169cfb5b17a2dbad4e5') in 0.001264 seconds
Number of updated asset objects reloaded before import = 0
Number of asset objects unloaded after import = 0
========================================================================
Received Import Request.
  Time since last request: 0.171972 seconds.
  path: Assets/SinkAndToilet/Models/Sink.obj
  artifactKey: Guid(cba8d3ce29e039341aa8be02a7135526) Importer(815301076,1909f56bfc062723c751e8b465ee728b)
Start importing Assets/SinkAndToilet/Models/Sink.obj using Guid(cba8d3ce29e039341aa8be02a7135526) Importer(815301076,1909f56bfc062723c751e8b465ee728b)  -> (artifact id: 'ee3c03d6911085e5e02043f6985a07a4') in 0.844059 seconds
Number of updated asset objects reloaded before import = 0
Number of asset objects unloaded after import = 14
========================================================================
Received Import Request.
  Time since last request: 87.825952 seconds.
  path: Assets/SinkAndToilet/Models/Sink.obj
  artifactKey: Guid(cba8d3ce29e039341aa8be02a7135526) Importer(815301076,1909f56bfc062723c751e8b465ee728b)
Start importing Assets/SinkAndToilet/Models/Sink.obj using Guid(cba8d3ce29e039341aa8be02a7135526) Importer(815301076,1909f56bfc062723c751e8b465ee728b)  -> (artifact id: 'd610cd1e4f761d8f8f73dc6d83f4a2e9') in 0.073481 seconds
Number of updated asset objects reloaded before import = 0
Number of asset objects unloaded after import = 14
========================================================================
Received Import Request.
  Time since last request: 11.364639 seconds.
  path: Assets/SinkAndToilet/Models/Materials
  artifactKey: Guid(df4fcdfffd341814cad126bd81733bf8) Importer(815301076,1909f56bfc062723c751e8b465ee728b)
Start importing Assets/SinkAndToilet/Models/Materials using Guid(df4fcdfffd341814cad126bd81733bf8) Importer(815301076,1909f56bfc062723c751e8b465ee728b)  -> (artifact id: 'ff44821cd9cc006c2e69c9373f5b040c') in 0.000613 seconds
Number of updated asset objects reloaded before import = 0
Number of asset objects unloaded after import = 0
========================================================================
Received Import Request.
  Time since last request: 0.133265 seconds.
  path: Assets/SinkAndToilet/Models/Materials/SinkMat.mat
  artifactKey: Guid(d14de5350f0df544184eb53be3513fa2) Importer(815301076,1909f56bfc062723c751e8b465ee728b)
Start importing Assets/SinkAndToilet/Models/Materials/SinkMat.mat using Guid(d14de5350f0df544184eb53be3513fa2) Importer(815301076,1909f56bfc062723c751e8b465ee728b)  -> (artifact id: '065f05c69f03f1c6763cc775fdb83682') in 0.034842 seconds
Number of updated asset objects reloaded before import = 0
Number of asset objects unloaded after import = 5
========================================================================
Received Import Request.
  Time since last request: 6.138465 seconds.
  path: Assets/SinkAndToilet/Prefabs
  artifactKey: Guid(c9a831bbbaf97ba4ebc0d571da77bd6b) Importer(815301076,1909f56bfc062723c751e8b465ee728b)
Start importing Assets/SinkAndToilet/Prefabs using Guid(c9a831bbbaf97ba4ebc0d571da77bd6b) Importer(815301076,1909f56bfc062723c751e8b465ee728b)  -> (artifact id: '1af59dab6b22c21abea3384f02d12370') in 0.001274 seconds
Number of updated asset objects reloaded before import = 0
Number of asset objects unloaded after import = 0
========================================================================
Received Import Request.
  Time since last request: 0.044094 seconds.
  path: Assets/SinkAndToilet/Prefabs/Sink.prefab
  artifactKey: Guid(08c49dfdb71ae5446b71f603df49bb2e) Importer(815301076,1909f56bfc062723c751e8b465ee728b)
Start importing Assets/SinkAndToilet/Prefabs/Sink.prefab using Guid(08c49dfdb71ae5446b71f603df49bb2e) Importer(815301076,1909f56bfc062723c751e8b465ee728b)  -> (artifact id: '781a4e08f158c44b292a22634faebb8a') in 0.035351 seconds
Number of updated asset objects reloaded before import = 0
Number of asset objects unloaded after import = 14
========================================================================
Received Import Request.
  Time since last request: 2.904974 seconds.
  path: Assets/SinkAndToilet/Textures
  artifactKey: Guid(f74c9dacd034ad0429a3d729446d25d0) Importer(815301076,1909f56bfc062723c751e8b465ee728b)
Start importing Assets/SinkAndToilet/Textures using Guid(f74c9dacd034ad0429a3d729446d25d0) Importer(815301076,1909f56bfc062723c751e8b465ee728b)  -> (artifact id: '6b567ae10cd5e5aeb5d5ae897134bc80') in 0.000663 seconds
Number of updated asset objects reloaded before import = 0
Number of asset objects unloaded after import = 0
========================================================================
Received Import Request.
  Time since last request: 0.049805 seconds.
  path: Assets/SinkAndToilet/Textures/Sink_AO.png
  artifactKey: Guid(d3419d9fe6d24f5428807580b7085b79) Importer(815301076,1909f56bfc062723c751e8b465ee728b)
Start importing Assets/SinkAndToilet/Textures/Sink_AO.png using Guid(d3419d9fe6d24f5428807580b7085b79) Importer(815301076,1909f56bfc062723c751e8b465ee728b)  -> (artifact id: '75a6e19300d87df9ffdee4f8703ff1f2') in 0.066055 seconds
Number of updated asset objects reloaded before import = 0
Number of asset objects unloaded after import = 2
========================================================================
Received Import Request.
  Time since last request: 0.000031 seconds.
  path: Assets/SinkAndToilet/Textures/Toilet_AO.png
  artifactKey: Guid(670c10675a862344bbe521dc2674aa3e) Importer(815301076,1909f56bfc062723c751e8b465ee728b)
Start importing Assets/SinkAndToilet/Textures/Toilet_AO.png using Guid(670c10675a862344bbe521dc2674aa3e) Importer(815301076,1909f56bfc062723c751e8b465ee728b)  -> (artifact id: 'd1c381fda431b72224aa0878701da174') in 0.056273 seconds
Number of updated asset objects reloaded before import = 0
Number of asset objects unloaded after import = 2
========================================================================
Received Import Request.
  Time since last request: 0.000047 seconds.
  path: Assets/SinkAndToilet/Textures/Toilet_Diffuse.png
  artifactKey: Guid(806658269366ec84ab8f8b6dfa60a5c9) Importer(815301076,1909f56bfc062723c751e8b465ee728b)
Start importing Assets/SinkAndToilet/Textures/Toilet_Diffuse.png using Guid(806658269366ec84ab8f8b6dfa60a5c9) Importer(815301076,1909f56bfc062723c751e8b465ee728b)  -> (artifact id: '27af3a0f7c92607d4bd106d376864f92') in 0.045812 seconds
Number of updated asset objects reloaded before import = 0
Number of asset objects unloaded after import = 2
========================================================================
Received Import Request.
  Time since last request: 0.000027 seconds.
  path: Assets/SinkAndToilet/Textures/Toilet_Specular.png
  artifactKey: Guid(0febd05454a494c43bb33c83be455bf4) Importer(815301076,1909f56bfc062723c751e8b465ee728b)
Start importing Assets/SinkAndToilet/Textures/Toilet_Specular.png using Guid(0febd05454a494c43bb33c83be455bf4) Importer(815301076,1909f56bfc062723c751e8b465ee728b)  -> (artifact id: '2534b338f2140e8a3a4a4fdca0be05c0') in 0.042786 seconds
Number of updated asset objects reloaded before import = 0
Number of asset objects unloaded after import = 2
========================================================================
Received Import Request.
  Time since last request: 193.423151 seconds.
  path: Assets/Old Military Bed (HQ)/Bed.FBX
  artifactKey: Guid(dca26258e9ffc3447afcfd0be6c5c8f2) Importer(815301076,1909f56bfc062723c751e8b465ee728b)
Start importing Assets/Old Military Bed (HQ)/Bed.FBX using Guid(dca26258e9ffc3447afcfd0be6c5c8f2) Importer(815301076,1909f56bfc062723c751e8b465ee728b)  -> (artifact id: 'f4cd61b8485bedf644c1646a21f9c5c3') in 0.065957 seconds
Number of updated asset objects reloaded before import = 0
Number of asset objects unloaded after import = 11
========================================================================
Received Import Request.
  Time since last request: 25.283673 seconds.
  path: Assets/Old Military Bed (HQ)/Textures
  artifactKey: Guid(99c26a78d0ac61f4a92b0e0ab1e9aff4) Importer(815301076,1909f56bfc062723c751e8b465ee728b)
Start importing Assets/Old Military Bed (HQ)/Textures using Guid(99c26a78d0ac61f4a92b0e0ab1e9aff4) Importer(815301076,1909f56bfc062723c751e8b465ee728b)  -> (artifact id: '410dc990466c9afa9c59e4a7bfaf3416') in 0.000783 seconds
Number of updated asset objects reloaded before import = 0
Number of asset objects unloaded after import = 0
========================================================================
Received Import Request.
  Time since last request: 0.635042 seconds.
  path: Assets/Old Military Bed (HQ)/Textures/Bed_D.png
  artifactKey: Guid(825274caaca18ce46bc456ff0a56becb) Importer(815301076,1909f56bfc062723c751e8b465ee728b)
Start importing Assets/Old Military Bed (HQ)/Textures/Bed_D.png using Guid(825274caaca18ce46bc456ff0a56becb) Importer(815301076,1909f56bfc062723c751e8b465ee728b)  -> (artifact id: 'cb520b15c26f63f66b316bde1425c2c8') in 0.050852 seconds
Number of updated asset objects reloaded before import = 0
Number of asset objects unloaded after import = 2
========================================================================
Received Import Request.
  Time since last request: 0.000028 seconds.
  path: Assets/Old Military Bed (HQ)/Textures/Bed_S.psd
  artifactKey: Guid(0e1f0220360920746b60d697a44572a8) Importer(815301076,1909f56bfc062723c751e8b465ee728b)
Start importing Assets/Old Military Bed (HQ)/Textures/Bed_S.psd using Guid(0e1f0220360920746b60d697a44572a8) Importer(815301076,1909f56bfc062723c751e8b465ee728b)  -> (artifact id: '18529c26b6b69450e5836c10fd96845d') in 0.052344 seconds
Number of updated asset objects reloaded before import = 0
Number of asset objects unloaded after import = 2
========================================================================
Received Import Request.
  Time since last request: 1.757231 seconds.
  path: Assets/Old Military Bed (HQ)/Materials
  artifactKey: Guid(d908a3a05971ba34bad071a19a0e7b68) Importer(815301076,1909f56bfc062723c751e8b465ee728b)
Start importing Assets/Old Military Bed (HQ)/Materials using Guid(d908a3a05971ba34bad071a19a0e7b68) Importer(815301076,1909f56bfc062723c751e8b465ee728b)  -> (artifact id: 'd47cbcedd47e5b139099d4a3276eeaaf') in 0.001409 seconds
Number of updated asset objects reloaded before import = 0
Number of asset objects unloaded after import = 0
========================================================================
Received Import Request.
  Time since last request: 370.462851 seconds.
  path: Assets/Old Military Bed (HQ)/Bed.FBX
  artifactKey: Guid(dca26258e9ffc3447afcfd0be6c5c8f2) Importer(815301076,1909f56bfc062723c751e8b465ee728b)
Start importing Assets/Old Military Bed (HQ)/Bed.FBX using Guid(dca26258e9ffc3447afcfd0be6c5c8f2) Importer(815301076,1909f56bfc062723c751e8b465ee728b)  -> (artifact id: '795d8a721857188b6c0a7de6557c7816') in 0.070727 seconds
Number of updated asset objects reloaded before import = 0
Number of asset objects unloaded after import = 11
========================================================================
Received Import Request.
  Time since last request: 98.285571 seconds.
  path: Assets/Dnk_Dev
  artifactKey: Guid(71d7b3eabf1ea754e97481267927c6f7) Importer(815301076,1909f56bfc062723c751e8b465ee728b)
Start importing Assets/Dnk_Dev using Guid(71d7b3eabf1ea754e97481267927c6f7) Importer(815301076,1909f56bfc062723c751e8b465ee728b)  -> (artifact id: '697beb6ae69c53ced68c5c6543e581be') in 0.000979 seconds
Number of updated asset objects reloaded before import = 0
Number of asset objects unloaded after import = 0
========================================================================
Received Import Request.
  Time since last request: 0.858156 seconds.
  path: Assets/Dnk_Dev/HospitalHorrorPack
  artifactKey: Guid(15ec2c85ce6b73c43b7fde7a7e47056c) Importer(815301076,1909f56bfc062723c751e8b465ee728b)
Start importing Assets/Dnk_Dev/HospitalHorrorPack using Guid(15ec2c85ce6b73c43b7fde7a7e47056c) Importer(815301076,1909f56bfc062723c751e8b465ee728b)  -> (artifact id: 'd667e0b6ae54253147a6a8c5451f4561') in 0.000600 seconds
Number of updated asset objects reloaded before import = 0
Number of asset objects unloaded after import = 0
========================================================================
Received Import Request.
  Time since last request: 0.992368 seconds.
  path: Assets/Dnk_Dev/HospitalHorrorPack/Models
  artifactKey: Guid(dfcbaf66129769e43bf64d5b73ffa859) Importer(815301076,1909f56bfc062723c751e8b465ee728b)
Start importing Assets/Dnk_Dev/HospitalHorrorPack/Models using Guid(dfcbaf66129769e43bf64d5b73ffa859) Importer(815301076,1909f56bfc062723c751e8b465ee728b)  -> (artifact id: '3faa08af62df189dd1f4b39c74db4335') in 0.000621 seconds
Number of updated asset objects reloaded before import = 0
Number of asset objects unloaded after import = 0
========================================================================
Received Import Request.
  Time since last request: 0.050785 seconds.
  path: Assets/Dnk_Dev/HospitalHorrorPack/Models/SM_Bed_01.obj
  artifactKey: Guid(b47f5c9ac3a4adc4582f259efbe3c8e5) Importer(815301076,1909f56bfc062723c751e8b465ee728b)
Start importing Assets/Dnk_Dev/HospitalHorrorPack/Models/SM_Bed_01.obj using Guid(b47f5c9ac3a4adc4582f259efbe3c8e5) Importer(815301076,1909f56bfc062723c751e8b465ee728b)  -> (artifact id: 'cebc3f89c76f292957f6e0e81251b3f0') in 0.094143 seconds
Number of updated asset objects reloaded before import = 0
Number of asset objects unloaded after import = 14
========================================================================
Received Import Request.
  Time since last request: 0.000033 seconds.
  path: Assets/Dnk_Dev/HospitalHorrorPack/Models/SM_Lamp.obj
  artifactKey: Guid(99d1229755c80d54d975792177cdddee) Importer(815301076,1909f56bfc062723c751e8b465ee728b)
Start importing Assets/Dnk_Dev/HospitalHorrorPack/Models/SM_Lamp.obj using Guid(99d1229755c80d54d975792177cdddee) Importer(815301076,1909f56bfc062723c751e8b465ee728b)  -> (artifact id: '1980d86b9d5c93a0973e5e5cc1f65a61') in 0.056138 seconds
Number of updated asset objects reloaded before import = 0
Number of asset objects unloaded after import = 9
========================================================================
Received Import Request.
  Time since last request: 0.000033 seconds.
  path: Assets/Dnk_Dev/HospitalHorrorPack/Models/SM_Floor_01.obj
  artifactKey: Guid(3565346867580db48870fbcfd66de77b) Importer(815301076,1909f56bfc062723c751e8b465ee728b)
Start importing Assets/Dnk_Dev/HospitalHorrorPack/Models/SM_Floor_01.obj using Guid(3565346867580db48870fbcfd66de77b) Importer(815301076,1909f56bfc062723c751e8b465ee728b)  -> (artifact id: 'dc8d4bc04da9fdac06ea8ad1a34408be') in 0.059573 seconds
Number of updated asset objects reloaded before import = 0
Number of asset objects unloaded after import = 9
========================================================================
Received Import Request.
  Time since last request: 0.000035 seconds.
  path: Assets/Dnk_Dev/HospitalHorrorPack/Models/SM_Module_DoorRoom_02.obj
  artifactKey: Guid(2e7ceb9bdea64d749a31eaaf90027994) Importer(815301076,1909f56bfc062723c751e8b465ee728b)
Start importing Assets/Dnk_Dev/HospitalHorrorPack/Models/SM_Module_DoorRoom_02.obj using Guid(2e7ceb9bdea64d749a31eaaf90027994) Importer(815301076,1909f56bfc062723c751e8b465ee728b)  -> (artifact id: '7e4193f06f026c5f8377ed26885d74e4') in 0.249453 seconds
Number of updated asset objects reloaded before import = 0
Number of asset objects unloaded after import = 44
========================================================================
Received Import Request.
  Time since last request: 0.000046 seconds.
  path: Assets/Dnk_Dev/HospitalHorrorPack/Models/SM_Wall_02.obj
  artifactKey: Guid(2e7a8487ab4626741848c28337daebd1) Importer(815301076,1909f56bfc062723c751e8b465ee728b)
Start importing Assets/Dnk_Dev/HospitalHorrorPack/Models/SM_Wall_02.obj using Guid(2e7a8487ab4626741848c28337daebd1) Importer(815301076,1909f56bfc062723c751e8b465ee728b)  -> (artifact id: '967d238984d032869f7e8b33363415e7') in 0.085201 seconds
Number of updated asset objects reloaded before import = 0
Number of asset objects unloaded after import = 14
========================================================================
Received Import Request.
  Time since last request: 0.000038 seconds.
  path: Assets/Dnk_Dev/HospitalHorrorPack/Models/SM_Column_01.FBX
  artifactKey: Guid(9287a4cf151cef34fb2bf51cfb3565a7) Importer(815301076,1909f56bfc062723c751e8b465ee728b)
Start importing Assets/Dnk_Dev/HospitalHorrorPack/Models/SM_Column_01.FBX using Guid(9287a4cf151cef34fb2bf51cfb3565a7) Importer(815301076,1909f56bfc062723c751e8b465ee728b)  -> (artifact id: '5675b1399f86db01bed337dbc166c5e6') in 0.049883 seconds
Number of updated asset objects reloaded before import = 0
Number of asset objects unloaded after import = 7
========================================================================
Received Import Request.
  Time since last request: 2.861360 seconds.
  path: Assets/Dnk_Dev/HospitalHorrorPack/Prefab
  artifactKey: Guid(895346604be8a9c4f90a21a4ffc68933) Importer(815301076,1909f56bfc062723c751e8b465ee728b)
Start importing Assets/Dnk_Dev/HospitalHorrorPack/Prefab using Guid(895346604be8a9c4f90a21a4ffc68933) Importer(815301076,1909f56bfc062723c751e8b465ee728b)  -> (artifact id: '8246237797f8ed32797f539214658314') in 0.000711 seconds
Number of updated asset objects reloaded before import = 0
Number of asset objects unloaded after import = 0
========================================================================
Received Import Request.
  Time since last request: 0.028442 seconds.
  path: Assets/Dnk_Dev/HospitalHorrorPack/Prefab/P_Bed_01.prefab
  artifactKey: Guid(2ca85dfd1a5ba8d45b36c20053b13142) Importer(815301076,1909f56bfc062723c751e8b465ee728b)
Start importing Assets/Dnk_Dev/HospitalHorrorPack/Prefab/P_Bed_01.prefab using Guid(2ca85dfd1a5ba8d45b36c20053b13142) Importer(815301076,1909f56bfc062723c751e8b465ee728b)  -> (artifact id: '12f7c71575d43d334726bd1670b94486') in 1.061517 seconds
Number of updated asset objects reloaded before import = 0
Number of asset objects unloaded after import = 21
========================================================================
Received Import Request.
  Time since last request: 0.001115 seconds.
  path: Assets/Dnk_Dev/HospitalHorrorPack/Prefab/P_Module_DoorRoom_01.prefab
  artifactKey: Guid(3889b3008743b404aba704ca0f2f2989) Importer(815301076,1909f56bfc062723c751e8b465ee728b)
Start importing Assets/Dnk_Dev/HospitalHorrorPack/Prefab/P_Module_DoorRoom_01.prefab using Guid(3889b3008743b404aba704ca0f2f2989) Importer(815301076,1909f56bfc062723c751e8b465ee728b)  -> (artifact id: 'd40e7ca29420c1ddfc606ea3bcef0796') in 1.597689 seconds
Number of updated asset objects reloaded before import = 0
Number of asset objects unloaded after import = 59
========================================================================
Received Import Request.
  Time since last request: 0.000051 seconds.
  path: Assets/Dnk_Dev/HospitalHorrorPack/Prefab/P_Column_01.prefab
  artifactKey: Guid(65968727b1724da49a554ba4d50f4ad4) Importer(815301076,1909f56bfc062723c751e8b465ee728b)
Start importing Assets/Dnk_Dev/HospitalHorrorPack/Prefab/P_Column_01.prefab using Guid(65968727b1724da49a554ba4d50f4ad4) Importer(815301076,1909f56bfc062723c751e8b465ee728b)  -> (artifact id: '19440f25c9607fd6004137eafcf44330') in 0.081893 seconds
Number of updated asset objects reloaded before import = 0
Number of asset objects unloaded after import = 16
========================================================================
Received Import Request.
  Time since last request: 0.000084 seconds.
  path: Assets/Dnk_Dev/HospitalHorrorPack/Prefab/P_Door_01_.prefab
  artifactKey: Guid(df2f14ece3a3a0847aad4f1407b39c50) Importer(815301076,1909f56bfc062723c751e8b465ee728b)
Start importing Assets/Dnk_Dev/HospitalHorrorPack/Prefab/P_Door_01_.prefab using Guid(df2f14ece3a3a0847aad4f1407b39c50) Importer(815301076,1909f56bfc062723c751e8b465ee728b)  -> (artifact id: '597498abdee4c0f918bd16d0df77e293') in 0.481072 seconds
Number of updated asset objects reloaded before import = 0
Number of asset objects unloaded after import = 23
